<?xml version="1.0" encoding="UTF-8"?>
<!-- Generated by org.testng.reporters.JUnitReportReporter -->
<testsuite hostname="DESKTOP-EJ38E7A" failures="0" tests="1" name="tests.TwoTest" time="0.004" errors="0" timestamp="2023-11-04T16:25:33 IST" skipped="0">
  <testcase classname="tests.TwoTest" name="testTwo" time="0.004"/>
</testsuite> <!-- tests.TwoTest -->
