<?xml version="1.0" encoding="UTF-8"?>
<!-- Generated by org.testng.reporters.JUnitReportReporter -->
<testsuite hostname="DESKTOP-EJ38E7A" failures="0" tests="2" name="tests.LoginTest" time="49.411" errors="0" timestamp="2023-11-04T16:25:33 IST" skipped="0">
  <testcase classname="tests.LoginTest" name="login" time="21.116"/>
  <testcase classname="tests.LoginTest" name="login" time="28.295"/>
</testsuite> <!-- tests.LoginTest -->
